FEN:8/4kpp1/8/6Kp/8/8/4q3/8 w - - 6 59
	MOVE:Kf4 EVAL:M-1000000
	TIME:0.009 DEPTH:7
	NODES:17956 QNODES:32937
	TABLE HITS:14311 CUTOFFS:16057

FEN:8/4kpp1/8/6Kp/8/8/4q3/8 w - - 6 59
	MOVE:Kf4 EVAL:-1230
	TIME:0.001 DEPTH:5
	NODES:945 QNODES:2289
	TABLE HITS:250 CUTOFFS:847

FEN:8/4kpp1/8/6Kp/8/8/4q3/8 w - - 6 59
	MOVE:Kf4 EVAL:-1270
	TIME:0.003 DEPTH:6
	NODES:1435 QNODES:17900
	TABLE HITS:629 CUTOFFS:756

FEN:8/4kpp1/8/6Kp/8/8/4q3/8 w - - 6 59
	MOVE:Kf4 EVAL:M-3
	TIME:0.008 DEPTH:7
	NODES:15576 QNODES:12748
	TABLE HITS:13465 CUTOFFS:14454

FEN:8/4kpp1/8/6Kp/8/8/4q3/8 w - - 6 59
	MOVE:Kf4 EVAL:M0
	TIME:0.000 DEPTH:1
	NODES:0 QNODES:0
	TABLE HITS:3 CUTOFFS:0

FEN:8/4kpp1/8/6Kp/8/8/4q3/8 w - - 6 59
	MOVE:Kf4 EVAL:M-3
	TIME:0.014 DEPTH:7
	NODES:17956 QNODES:32937
	TABLE HITS:14311 CUTOFFS:16057

FEN:8/4kpp1/8/7p/5K2/8/4q3/8 b - - 7 59
	MOVE:Qd3 EVAL:M3
	TIME:0.001 DEPTH:6
	NODES:1050 QNODES:1895
	TABLE HITS:3494 CUTOFFS:843

FEN:8/4kpp1/8/7p/5K2/3q4/8/8 w - - 8 60
	MOVE:Ke5 EVAL:M0
	TIME:0.000 DEPTH:1
	NODES:0 QNODES:0
	TABLE HITS:2 CUTOFFS:0

FEN:8/4kpp1/8/4K2p/8/3q4/8/8 b - - 9 60
	MOVE:f6+ EVAL:M2
	TIME:0.000 DEPTH:4
	NODES:98 QNODES:92
	TABLE HITS:378 CUTOFFS:66

