FEN:rnbqkbnr/pppppppp/8/8/8/8/PPPPPPPP/RNBQKBNR w KQkq - 0 1
	MOVE:a3 EVAL:0
	TIME:4.999 DEPTH:6
	NODES:66531 QNODES:1346966
	TABLE HITS:12015 CUTOFFS:36351

FEN:rnbqkbnr/pppppppp/8/8/8/8/PPPPPPPP/RNBQKBNR w KQkq - 0 1
	MOVE:a3 EVAL:0
	TIME:0.010 DEPTH:6
	NODES:76 QNODES:2475
	TABLE HITS:154 CUTOFFS:3

FEN:rnbqkbnr/pppppppp/8/8/8/8/PPPPPPPP/RNBQKBNR w KQkq - 0 1
	MOVE:a3 EVAL:0
	TIME:0.010 DEPTH:6
	NODES:38 QNODES:1286
	TABLE HITS:146 CUTOFFS:5

FEN:rnbqkbnr/pppppppp/8/8/8/8/PPPPPPPP/RNBQKBNR w KQkq - 0 1
	MOVE:Nc3 EVAL:0
	TIME:0.010 DEPTH:2
	NODES:155 QNODES:3285
	TABLE HITS:0 CUTOFFS:32

FEN:rnbqkbnr/pppppppp/8/8/8/8/PPPPPPPP/RNBQKBNR w KQkq - 0 1
	MOVE:a3 EVAL:0
	TIME:0.009 DEPTH:2
	NODES:69 QNODES:1473
	TABLE HITS:65 CUTOFFS:6

FEN:rnbqkbnr/pppppppp/8/8/8/8/PPPPPPPP/RNBQKBNR w KQkq - 0 1
	MOVE:Nf3 EVAL:10
	TIME:0.010 DEPTH:3
	NODES:73 QNODES:1498
	TABLE HITS:58 CUTOFFS:4

FEN:rnbqkbnr/pppppppp/8/8/8/8/PPPPPPPP/RNBQKBNR w KQkq - 0 1
	MOVE:Nf3 EVAL:10
	TIME:0.009 DEPTH:3
	NODES:71 QNODES:1596
	TABLE HITS:65 CUTOFFS:6

FEN:rnbqkbnr/pppppppp/8/8/8/8/PPPPPPPP/RNBQKBNR w KQkq - 0 1
	MOVE:Nf3 EVAL:10
	TIME:0.009 DEPTH:3
	NODES:47 QNODES:1368
	TABLE HITS:80 CUTOFFS:2

FEN:rnbqkbnr/pppppppp/8/8/8/8/PPPPPPPP/RNBQKBNR w KQkq - 0 1
	MOVE:Nf3 EVAL:10
	TIME:0.010 DEPTH:3
	NODES:156 QNODES:2880
	TABLE HITS:92 CUTOFFS:28

FEN:rnbqkbnr/pppppppp/8/8/8/8/PPPPPPPP/RNBQKBNR w KQkq - 0 1
	MOVE:Nf3 EVAL:10
	TIME:0.010 DEPTH:3
	NODES:172 QNODES:2291
	TABLE HITS:335 CUTOFFS:74

FEN:rnbqkbnr/pppppppp/8/8/8/8/PPPPPPPP/RNBQKBNR w KQkq - 0 1
	MOVE:Nf3 EVAL:10
	TIME:0.010 DEPTH:3
	NODES:275 QNODES:2023
	TABLE HITS:101 CUTOFFS:240

FEN:rnbqkbnr/pppppppp/8/8/8/8/PPPPPPPP/RNBQKBNR w KQkq - 0 1
	MOVE:Nf3 EVAL:10
	TIME:0.010 DEPTH:3
	NODES:305 QNODES:2108
	TABLE HITS:97 CUTOFFS:284

FEN:rnbqkbnr/pppppppp/8/8/8/8/PPPPPPPP/RNBQKBNR w KQkq - 0 1
	MOVE:b3 EVAL:0
	TIME:0.100 DEPTH:4
	NODES:1678 QNODES:22222
	TABLE HITS:274 CUTOFFS:1089

FEN:rnbqkbnr/pppppppp/8/8/8/8/PPPPPPPP/RNBQKBNR w KQkq - 0 1
	MOVE:a3 EVAL:0
	TIME:1.000 DEPTH:5
	NODES:9708 QNODES:287793
	TABLE HITS:1111 CUTOFFS:1290

FEN:rnbqkbnr/pppppppp/8/8/8/8/PPPPPPPP/RNBQKBNR w KQkq - 0 1
	MOVE:a3 EVAL:0
	TIME:0.010 DEPTH:5
	NODES:143 QNODES:3139
	TABLE HITS:116 CUTOFFS:30

FEN:rnbqkbnr/pppppppp/8/8/8/8/PPPPPPPP/RNBQKBNR w KQkq - 0 1
	MOVE:a3 EVAL:0
	TIME:0.084 DEPTH:5
	NODES:8900 QNODES:231914
	TABLE HITS:1049 CUTOFFS:2427

FEN:rnbqkbnr/pppppppp/8/8/8/8/PPPPPPPP/RNBQKBNR w KQkq - 0 1
	MOVE:a3 EVAL:0
	TIME:0.000 DEPTH:5
	NODES:0 QNODES:0
	TABLE HITS:100 CUTOFFS:0

FEN:rnbqkbnr/pppppppp/8/8/8/8/PPPPPPPP/RNBQKBNR w KQkq - 0 1
	MOVE:a3 EVAL:0
	TIME:0.170 DEPTH:6
	NODES:27524 QNODES:440657
	TABLE HITS:7066 CUTOFFS:18494

FEN:rnbqkbnr/pppppppp/8/8/8/8/PPPPPPPP/RNBQKBNR w KQkq - 0 1
	MOVE:a3 EVAL:0
	TIME:0.000 DEPTH:6
	NODES:0 QNODES:0
	TABLE HITS:120 CUTOFFS:0

FEN:rnbqkbnr/pppppppp/8/8/8/8/PPPPPPPP/RNBQKBNR w KQkq - 0 1
	MOVE:a3 EVAL:0
	TIME:0.000 DEPTH:5
	NODES:0 QNODES:0
	TABLE HITS:100 CUTOFFS:0

FEN:rnbqkbnr/pppppppp/8/8/8/8/PPPPPPPP/RNBQKBNR w KQkq - 0 1
	MOVE:a3 EVAL:0
	TIME:0.000 DEPTH:1
	NODES:0 QNODES:0
	TABLE HITS:20 CUTOFFS:0

FEN:rnbqkbnr/pppppppp/8/8/8/8/PPPPPPPP/RNBQKBNR w KQkq - 0 1
	MOVE:a3 EVAL:0
	TIME:0.000 DEPTH:2
	NODES:0 QNODES:0
	TABLE HITS:40 CUTOFFS:0

FEN:rnbqkbnr/pppppppp/8/8/8/8/PPPPPPPP/RNBQKBNR w KQkq - 0 1
	MOVE:a3 EVAL:0
	TIME:0.000 DEPTH:3
	NODES:0 QNODES:0
	TABLE HITS:60 CUTOFFS:0

FEN:rnbqkbnr/pppppppp/8/8/8/8/PPPPPPPP/RNBQKBNR w KQkq - 0 1
	MOVE:a3 EVAL:0
	TIME:0.000 DEPTH:4
	NODES:0 QNODES:0
	TABLE HITS:80 CUTOFFS:0

FEN:rnbqkbnr/pppppppp/8/8/8/8/PPPPPPPP/RNBQKBNR w KQkq - 0 1
	MOVE:a3 EVAL:0
	TIME:0.000 DEPTH:5
	NODES:0 QNODES:0
	TABLE HITS:100 CUTOFFS:0

FEN:rnbqkbnr/pppppppp/8/8/8/8/PPPPPPPP/RNBQKBNR w KQkq - 0 1
	MOVE:a3 EVAL:0
	TIME:0.000 DEPTH:6
	NODES:0 QNODES:0
	TABLE HITS:120 CUTOFFS:0

FEN:rnbqkbnr/pppppppp/8/8/8/8/PPPPPPPP/RNBQKBNR w KQkq - 0 1
	MOVE:a3 EVAL:0
	TIME:2.255 DEPTH:7
	NODES:165924 QNODES:6737968
	TABLE HITS:40931 CUTOFFS:32514

FEN:rnbqkbnr/pppppppp/8/8/8/8/PPPPPPPP/RNBQKBNR w KQkq - 0 1
	MOVE:a3 EVAL:0
	TIME:0.583 DEPTH:5
	NODES:9004 QNODES:232674
	TABLE HITS:1080 CUTOFFS:2430

FEN:rnbqkbnr/pppppppp/8/8/8/8/PPPPPPPP/RNBQKBNR w KQkq - 0 1
	MOVE:a3 EVAL:0
	TIME:1.085 DEPTH:6
	NODES:28804 QNODES:452844
	TABLE HITS:7633 CUTOFFS:19516

FEN:rnbqkbnr/pppppppp/8/8/8/8/PPPPPPPP/RNBQKBNR w KQkq - 0 1
	MOVE:a3 EVAL:0
	TIME:0.100 DEPTH:6
	NODES:2855 QNODES:45542
	TABLE HITS:728 CUTOFFS:1741

FEN:rnbqkbnr/pppppppp/8/8/8/8/PPPPPPPP/RNBQKBNR w KQkq - 0 1
	MOVE:a3 EVAL:0
	TIME:0.100 DEPTH:6
	NODES:2502 QNODES:30270
	TABLE HITS:425 CUTOFFS:1898

FEN:rnbqkbnr/pppppppp/8/8/8/8/PPPPPPPP/RNBQKBNR w KQkq - 0 1
	MOVE:a3 EVAL:0
	TIME:5.000 DEPTH:6
	NODES:60549 QNODES:2014096
	TABLE HITS:13709 CUTOFFS:16528

FEN:rnbqkbnr/pppppppp/8/8/8/8/PPPPPPPP/RNBQKBNR w KQkq - 0 1
	MOVE:a3 EVAL:0
	TIME:0.256 DEPTH:5
	NODES:13217 QNODES:104830
	TABLE HITS:2077 CUTOFFS:11457

FEN:rnbqkbnr/pppppppp/8/8/8/8/PPPPPPPP/RNBQKBNR w KQkq - 0 1
	MOVE:a3 EVAL:0
	TIME:1.000 DEPTH:6
	NODES:46680 QNODES:415622
	TABLE HITS:10439 CUTOFFS:41005

FEN:rnbqkbnr/pppppppp/8/8/8/8/PPPPPPPP/RNBQKBNR w KQkq - 0 1
	MOVE:d4 EVAL:36
	TIME:0.093 DEPTH:5
	NODES:3960 QNODES:32125
	TABLE HITS:341 CUTOFFS:3231

FEN:rnbqkbnr/pppppppp/8/8/8/8/PPPPPPPP/RNBQKBNR w KQkq - 0 1
	MOVE:d4 EVAL:36
	TIME:0.999 DEPTH:5
	NODES:36006 QNODES:359462
	TABLE HITS:8061 CUTOFFS:31013

FEN:rnbqkbnr/pppppppp/8/8/8/8/PPPPPPPP/RNBQKBNR w KQkq - 0 1
	MOVE:d4 EVAL:36
	TIME:0.042 DEPTH:5
	NODES:1492 QNODES:12734
	TABLE HITS:1495 CUTOFFS:1211

FEN:rnbqkbnr/pppppppp/8/8/8/8/PPPPPPPP/RNBQKBNR w KQkq - 0 1
	MOVE:e3 EVAL:0
	TIME:0.242 DEPTH:6
	NODES:9933 QNODES:82326
	TABLE HITS:2605 CUTOFFS:9185

FEN:rnbqkbnr/pppppppp/8/8/8/8/PPPPPPPP/RNBQKBNR w KQkq - 0 1
	MOVE:e3 EVAL:0
	TIME:0.000 DEPTH:3
	NODES:0 QNODES:0
	TABLE HITS:60 CUTOFFS:0

FEN:rnbqkbnr/pppppppp/8/8/8/8/PPPPPPPP/RNBQKBNR w KQkq - 0 1
	MOVE:d4 EVAL:36
	TIME:0.071 DEPTH:5
	NODES:3877 QNODES:29824
	TABLE HITS:336 CUTOFFS:3171

FEN:rnbqkbnr/pppppppp/8/8/8/8/PPPPPPPP/RNBQKBNR w KQkq - 0 1
	MOVE:d4 EVAL:0
	TIME:5.000 DEPTH:6
	NODES:258679 QNODES:1957382
	TABLE HITS:63485 CUTOFFS:229817

FEN:rnbqkbnr/pppppppp/8/8/8/8/PPPPPPPP/RNBQKBNR w KQkq - 0 1
	MOVE:d3 EVAL:3
	TIME:5.000 DEPTH:6
	NODES:227765 QNODES:1965554
	TABLE HITS:62999 CUTOFFS:200406

FEN:rnbqkbnr/pppppppp/8/8/8/8/PPPPPPPP/RNBQKBNR w KQkq - 0 1
	MOVE:d4 EVAL:14
	TIME:0.009 DEPTH:6
	NODES:597 QNODES:2800
	TABLE HITS:379 CUTOFFS:545

FEN:rnbqkbnr/pppppppp/8/8/8/8/PPPPPPPP/RNBQKBNR w KQkq - 0 1
	MOVE:d4 EVAL:14
	TIME:0.009 DEPTH:6
	NODES:541 QNODES:3074
	TABLE HITS:389 CUTOFFS:486

FEN:rnbqkbnr/pppppppp/8/8/3P4/8/PPP1PPPP/RNBQKBNR b KQkq - 0 1
	MOVE:d5 EVAL:-15
	TIME:1.000 DEPTH:6
	NODES:41688 QNODES:402938
	TABLE HITS:19761 CUTOFFS:35979

