FEN:rnbqkbnr/pppppppp/8/8/8/8/PPPPPPPP/RNBQKBNR w KQkq - 0 1
	MOVE:e4 EVAL:66
	TIME:5.000 DEPTH:5
	NODES:1352031 Cutoffs:89899

FEN:rnbqkbnr/pppppppp/8/8/8/8/PPPPPPPP/RNBQKBNR w KQkq - 0 1
	MOVE:e4 EVAL:66
	TIME:4.999 DEPTH:5
	NODES:1319884 CUTOFFS:87522
	TABLE HITS:3209

FEN:rnbqkbnr/pppppppp/8/8/8/8/PPPPPPPP/RNBQKBNR w KQkq - 0 1
	MOVE:Nc3 EVAL:0
	TIME:0.009 DEPTH:2
	NODES:2470 CUTOFFS:147
	TABLE HITS:0

FEN:rnbqkbnr/pppppppp/8/8/8/8/PPPPPPPP/RNBQKBNR w KQkq - 0 1
	MOVE:Nc3 EVAL:48
	TIME:0.010 DEPTH:3
	NODES:2538 CUTOFFS:140
	TABLE HITS:76

FEN:rnbqkbnr/pppppppp/8/8/8/8/PPPPPPPP/RNBQKBNR w KQkq - 0 1
	MOVE:Nc3 EVAL:48
	TIME:0.010 DEPTH:3
	NODES:2251 CUTOFFS:135
	TABLE HITS:131

FEN:rnbqkbnr/pppppppp/8/8/8/8/PPPPPPPP/RNBQKBNR w KQkq - 0 1
	MOVE:Nc3 EVAL:48
	TIME:0.010 DEPTH:3
	NODES:3644 CUTOFFS:248
	TABLE HITS:93

FEN:rnbqkbnr/pppppppp/8/8/8/8/PPPPPPPP/RNBQKBNR w KQkq - 0 1
	MOVE:Nc3 EVAL:48
	TIME:0.100 DEPTH:3
	NODES:22066 CUTOFFS:1682
	TABLE HITS:83

